<?xml version="1.0" encoding="UTF-8"?>
<!-- Generated by org.testng.reporters.JUnitReportReporter -->
<testsuite hostname="Swapnil" failures="0" tests="5" name="TestLayer.ContactUsTestCase" time="0.820" errors="0" timestamp="2023-04-12T15:38:35 IST" skipped="1">
  <testcase classname="TestLayer.ContactUsTestCase" name="enterData" time="0.185"/>
  <system-out/>
  <testcase classname="TestLayer.ContactUsTestCase" name="countryDD" time="0.211"/>
  <system-out/>
  <testcase classname="TestLayer.ContactUsTestCase" name="aboutUsDD" time="0.172"/>
  <system-out/>
  <testcase classname="TestLayer.ContactUsTestCase" name="enterRemeningfields" time="0.252"/>
  <system-out/>
  <testcase classname="TestLayer.ContactUsTestCase" name="validationOfAllFilds">
    <skipped/>
  </testcase> <!-- validationOfAllFilds -->
  <system-out/>
</testsuite> <!-- TestLayer.ContactUsTestCase -->
