<?xml version="1.0" encoding="UTF-8"?>
<!-- Generated by org.testng.reporters.JUnitReportReporter -->
<testsuite hostname="Swapnil" failures="0" tests="4" name="TestLayer.HomePageTestCase" time="5.294" errors="0" timestamp="2023-04-12T15:38:35 IST" skipped="0">
  <testcase classname="TestLayer.HomePageTestCase" name="acceptCookiesPopup" time="1.019"/>
  <system-out/>
  <testcase classname="TestLayer.HomePageTestCase" name="validate_Title" time="0.003"/>
  <system-out/>
  <testcase classname="TestLayer.HomePageTestCase" name="clickOnContactUs" time="4.261"/>
  <system-out/>
  <testcase classname="TestLayer.HomePageTestCase" name="validateUserOnContctUsPage" time="0.011"/>
  <system-out/>
</testsuite> <!-- TestLayer.HomePageTestCase -->
