<?xml version="1.0" encoding="UTF-8"?>
<!-- Generated by org.testng.reporters.JUnitReportReporter -->
<testsuite hostname="Swapnil" failures="0" tests="4" name="TestLayer.TestCase" time="3.251" errors="0" timestamp="2023-04-12T09:16:58 IST" skipped="0">
  <testcase classname="TestLayer.TestCase" name="acceptCookiesPopup" time="0.248"/>
  <system-out/>
  <testcase classname="TestLayer.TestCase" name="validate_Title" time="0.022"/>
  <system-out/>
  <testcase classname="TestLayer.TestCase" name="clickOnContactUs" time="2.965"/>
  <system-out/>
  <testcase classname="TestLayer.TestCase" name="validateUserOnContctUsPage" time="0.016"/>
  <system-out/>
</testsuite> <!-- TestLayer.TestCase -->
